# JRE version: Java(TM) SE Runtime Environment (8.0_172-b11) (build 1.8.0_172-b11)
# Java VM: Java HotSpot(TM) 64-Bit Server VM (25.172-b11 mixed mode windows-amd64 compressed oops)
Heap:
 PSYoungGen      total 360448K, used 101607K [0x000000076b180000, 0x000000078a200000, 0x00000007c0000000)
  eden space 338432K, 23% used [0x000000076b180000,0x000000076ff3b598,0x000000077fc00000)
  from space 22016K, 99% used [0x000000077fc00000,0x000000078117e908,0x0000000781180000)
  to   space 25088K, 0% used [0x0000000788980000,0x0000000788980000,0x000000078a200000)
 ParOldGen       total 145408K, used 26436K [0x00000006c1400000, 0x00000006ca200000, 0x000000076b180000)
  object space 145408K, 18% used [0x00000006c1400000,0x00000006c2dd1178,0x00000006ca200000)
 Metaspace       used 42238K, capacity 42840K, committed 43136K, reserved 1087488K
  class space    used 5224K, capacity 5390K, committed 5504K, reserved 1048576K
GC Heap History (10 events):
Event: 7.378 GC heap before
{Heap before GC invocations=9 (full 1):
 PSYoungGen      total 175104K, used 175088K [0x000000076b180000, 0x000000077c580000, 0x00000007c0000000)
  eden space 159744K, 100% used [0x000000076b180000,0x0000000774d80000,0x0000000774d80000)
  from space 15360K, 99% used [0x0000000774d80000,0x0000000775c7c260,0x0000000775c80000)
  to   space 18944K, 0% used [0x000000077b300000,0x000000077b300000,0x000000077c580000)
 ParOldGen       total 103936K, used 13388K [0x00000006c1400000, 0x00000006c7980000, 0x000000076b180000)
  object space 103936K, 12% used [0x00000006c1400000,0x00000006c21131e0,0x00000006c7980000)
 Metaspace       used 34361K, capacity 34774K, committed 34816K, reserved 1079296K
  class space    used 4216K, capacity 4338K, committed 4352K, reserved 1048576K
Event: 7.415 GC heap after
Heap after GC invocations=9 (full 1):
 PSYoungGen      total 262144K, used 15955K [0x000000076b180000, 0x000000077db00000, 0x00000007c0000000)
  eden space 243200K, 0% used [0x000000076b180000,0x000000076b180000,0x0000000779f00000)
  from space 18944K, 84% used [0x000000077b300000,0x000000077c294fa0,0x000000077c580000)
  to   space 20480K, 0% used [0x0000000779f00000,0x0000000779f00000,0x000000077b300000)
 ParOldGen       total 103936K, used 15148K [0x00000006c1400000, 0x00000006c7980000, 0x000000076b180000)
  object space 103936K, 14% used [0x00000006c1400000,0x00000006c22cb1e0,0x00000006c7980000)
 Metaspace       used 34361K, capacity 34774K, committed 34816K, reserved 1079296K
  class space    used 4216K, capacity 4338K, committed 4352K, reserved 1048576K
}
Event: 7.723 GC heap before
{Heap before GC invocations=10 (full 1):
 PSYoungGen      total 262144K, used 87862K [0x000000076b180000, 0x000000077db00000, 0x00000007c0000000)
  eden space 243200K, 29% used [0x000000076b180000,0x000000076f7b8b88,0x0000000779f00000)
  from space 18944K, 84% used [0x000000077b300000,0x000000077c294fa0,0x000000077c580000)
  to   space 20480K, 0% used [0x0000000779f00000,0x0000000779f00000,0x000000077b300000)
 ParOldGen       total 103936K, used 15148K [0x00000006c1400000, 0x00000006c7980000, 0x000000076b180000)
  object space 103936K, 14% used [0x00000006c1400000,0x00000006c22cb1e0,0x00000006c7980000)
 Metaspace       used 34993K, capacity 35380K, committed 35456K, reserved 1081344K
  class space    used 4292K, capacity 4407K, committed 4480K, reserved 1048576K
Event: 7.736 GC heap after
Heap after GC invocations=10 (full 1):
 PSYoungGen      total 263680K, used 5892K [0x000000076b180000, 0x0000000782900000, 0x00000007c0000000)
  eden space 243200K, 0% used [0x000000076b180000,0x000000076b180000,0x0000000779f00000)
  from space 20480K, 28% used [0x0000000779f00000,0x000000077a4c1040,0x000000077b300000)
  to   space 20480K, 0% used [0x0000000781500000,0x0000000781500000,0x0000000782900000)
 ParOldGen       total 103936K, used 19524K [0x00000006c1400000, 0x00000006c7980000, 0x000000076b180000)
  object space 103936K, 18% used [0x00000006c1400000,0x00000006c2711260,0x00000006c7980000)
 Metaspace       used 34993K, capacity 35380K, committed 35456K, reserved 1081344K
  class space    used 4292K, capacity 4407K, committed 4480K, reserved 1048576K
}
Event: 7.736 GC heap before
{Heap before GC invocations=11 (full 2):
 PSYoungGen      total 263680K, used 5892K [0x000000076b180000, 0x0000000782900000, 0x00000007c0000000)
  eden space 243200K, 0% used [0x000000076b180000,0x000000076b180000,0x0000000779f00000)
  from space 20480K, 28% used [0x0000000779f00000,0x000000077a4c1040,0x000000077b300000)
  to   space 20480K, 0% used [0x0000000781500000,0x0000000781500000,0x0000000782900000)
 ParOldGen       total 103936K, used 19524K [0x00000006c1400000, 0x00000006c7980000, 0x000000076b180000)
  object space 103936K, 18% used [0x00000006c1400000,0x00000006c2711260,0x00000006c7980000)
 Metaspace       used 34993K, capacity 35380K, committed 35456K, reserved 1081344K
  class space    used 4292K, capacity 4407K, committed 4480K, reserved 1048576K
Event: 7.814 GC heap after
Heap after GC invocations=11 (full 2):
 PSYoungGen      total 263680K, used 0K [0x000000076b180000, 0x0000000782900000, 0x00000007c0000000)
  eden space 243200K, 0% used [0x000000076b180000,0x000000076b180000,0x0000000779f00000)
  from space 20480K, 0% used [0x0000000779f00000,0x0000000779f00000,0x000000077b300000)
  to   space 20480K, 0% used [0x0000000781500000,0x0000000781500000,0x0000000782900000)
 ParOldGen       total 145408K, used 19502K [0x00000006c1400000, 0x00000006ca200000, 0x000000076b180000)
  object space 145408K, 13% used [0x00000006c1400000,0x00000006c270b878,0x00000006ca200000)
 Metaspace       used 34993K, capacity 35380K, committed 35456K, reserved 1081344K
  class space    used 4292K, capacity 4407K, committed 4480K, reserved 1048576K
}
Event: 9.745 GC heap before
{Heap before GC invocations=12 (full 2):
 PSYoungGen      total 263680K, used 243200K [0x000000076b180000, 0x0000000782900000, 0x00000007c0000000)
  eden space 243200K, 100% used [0x000000076b180000,0x0000000779f00000,0x0000000779f00000)
  from space 20480K, 0% used [0x0000000779f00000,0x0000000779f00000,0x000000077b300000)
  to   space 20480K, 0% used [0x0000000781500000,0x0000000781500000,0x0000000782900000)
 ParOldGen       total 145408K, used 19502K [0x00000006c1400000, 0x00000006ca200000, 0x000000076b180000)
  object space 145408K, 13% used [0x00000006c1400000,0x00000006c270b878,0x00000006ca200000)
 Metaspace       used 38311K, capacity 38752K, committed 39040K, reserved 1083392K
  class space    used 4766K, capacity 4889K, committed 4992K, reserved 1048576K
Event: 9.759 GC heap after
Heap after GC invocations=12 (full 2):
 PSYoungGen      total 353280K, used 18212K [0x000000076b180000, 0x0000000782700000, 0x00000007c0000000)
  eden space 334848K, 0% used [0x000000076b180000,0x000000076b180000,0x000000077f880000)
  from space 18432K, 98% used [0x0000000781500000,0x00000007826c90c8,0x0000000782700000)
  to   space 22016K, 0% used [0x000000077fc00000,0x000000077fc00000,0x0000000781180000)
 ParOldGen       total 145408K, used 19510K [0x00000006c1400000, 0x00000006ca200000, 0x000000076b180000)
  object space 145408K, 13% used [0x00000006c1400000,0x00000006c270d878,0x00000006ca200000)
 Metaspace       used 38311K, capacity 38752K, committed 39040K, reserved 1083392K
  class space    used 4766K, capacity 4889K, committed 4992K, reserved 1048576K
}
Event: 10.990 GC heap before
{Heap before GC invocations=13 (full 2):
 PSYoungGen      total 353280K, used 353060K [0x000000076b180000, 0x0000000782700000, 0x00000007c0000000)
  eden space 334848K, 100% used [0x000000076b180000,0x000000077f880000,0x000000077f880000)
  from space 18432K, 98% used [0x0000000781500000,0x00000007826c90c8,0x0000000782700000)
  to   space 22016K, 0% used [0x000000077fc00000,0x000000077fc00000,0x0000000781180000)
 ParOldGen       total 145408K, used 19510K [0x00000006c1400000, 0x00000006ca200000, 0x000000076b180000)
  object space 145408K, 13% used [0x00000006c1400000,0x00000006c270d878,0x00000006ca200000)
 Metaspace       used 40012K, capacity 40526K, committed 40704K, reserved 1085440K
  class space    used 4960K, capacity 5072K, committed 5120K, reserved 1048576K
Event: 11.011 GC heap after
Heap after GC invocations=13 (full 2):
 PSYoungGen      total 360448K, used 22010K [0x000000076b180000, 0x000000078a200000, 0x00000007c0000000)
  eden space 338432K, 0% used [0x000000076b180000,0x000000076b180000,0x000000077fc00000)
  from space 22016K, 99% used [0x000000077fc00000,0x000000078117e908,0x0000000781180000)
  to   space 25088K, 0% used [0x0000000788980000,0x0000000788980000,0x000000078a200000)
 ParOldGen       total 145408K, used 26436K [0x00000006c1400000, 0x00000006ca200000, 0x000000076b180000)
  object space 145408K, 18% used [0x00000006c1400000,0x00000006c2dd1178,0x00000006ca200000)
 Metaspace       used 40012K, capacity 40526K, committed 40704K, reserved 1085440K
  class space    used 4960K, capacity 5072K, committed 5120K, reserved 1048576K
}

