# JRE version: Java(TM) SE Runtime Environment (8.0_172-b11) (build 1.8.0_172-b11)
# Java VM: Java HotSpot(TM) 64-Bit Server VM (25.172-b11 mixed mode windows-amd64 compressed oops)
Heap:
 PSYoungGen      total 118784K, used 85217K [0x000000076b180000, 0x0000000773080000, 0x00000007c0000000)
  eden space 108544K, 78% used [0x000000076b180000,0x00000007704b85f8,0x0000000771b80000)
  from space 10240K, 0% used [0x0000000772680000,0x0000000772680000,0x0000000773080000)
  to   space 10752K, 0% used [0x0000000771b80000,0x0000000771b80000,0x0000000772600000)
 ParOldGen       total 95744K, used 21227K [0x00000006c1400000, 0x00000006c7180000, 0x000000076b180000)
  object space 95744K, 22% used [0x00000006c1400000,0x00000006c28baea8,0x00000006c7180000)
 Metaspace       used 35729K, capacity 36150K, committed 36608K, reserved 1081344K
  class space    used 4391K, capacity 4498K, committed 4608K, reserved 1048576K
GC Heap History (10 events):
Event: 5.252 GC heap before
{Heap before GC invocations=8 (full 1):
 PSYoungGen      total 118784K, used 114299K [0x000000076b180000, 0x0000000773080000, 0x00000007c0000000)
  eden space 108544K, 100% used [0x000000076b180000,0x0000000771b80000,0x0000000771b80000)
  from space 10240K, 56% used [0x0000000772680000,0x0000000772c1ef70,0x0000000773080000)
  to   space 10752K, 0% used [0x0000000771b80000,0x0000000771b80000,0x0000000772600000)
 ParOldGen       total 95744K, used 7351K [0x00000006c1400000, 0x00000006c7180000, 0x000000076b180000)
  object space 95744K, 7% used [0x00000006c1400000,0x00000006c1b2de70,0x00000006c7180000)
 Metaspace       used 29336K, capacity 29730K, committed 30208K, reserved 1075200K
  class space    used 3616K, capacity 3716K, committed 3840K, reserved 1048576K
Event: 5.261 GC heap after
Heap after GC invocations=8 (full 1):
 PSYoungGen      total 119296K, used 10183K [0x000000076b180000, 0x0000000773080000, 0x00000007c0000000)
  eden space 108544K, 0% used [0x000000076b180000,0x000000076b180000,0x0000000771b80000)
  from space 10752K, 94% used [0x0000000771b80000,0x0000000772571dd8,0x0000000772600000)
  to   space 10240K, 0% used [0x0000000772680000,0x0000000772680000,0x0000000773080000)
 ParOldGen       total 95744K, used 7359K [0x00000006c1400000, 0x00000006c7180000, 0x000000076b180000)
  object space 95744K, 7% used [0x00000006c1400000,0x00000006c1b2fe70,0x00000006c7180000)
 Metaspace       used 29336K, capacity 29730K, committed 30208K, reserved 1075200K
  class space    used 3616K, capacity 3716K, committed 3840K, reserved 1048576K
}
Event: 6.544 GC heap before
{Heap before GC invocations=9 (full 1):
 PSYoungGen      total 119296K, used 118727K [0x000000076b180000, 0x0000000773080000, 0x00000007c0000000)
  eden space 108544K, 100% used [0x000000076b180000,0x0000000771b80000,0x0000000771b80000)
  from space 10752K, 94% used [0x0000000771b80000,0x0000000772571dd8,0x0000000772600000)
  to   space 10240K, 0% used [0x0000000772680000,0x0000000772680000,0x0000000773080000)
 ParOldGen       total 95744K, used 7359K [0x00000006c1400000, 0x00000006c7180000, 0x000000076b180000)
  object space 95744K, 7% used [0x00000006c1400000,0x00000006c1b2fe70,0x00000006c7180000)
 Metaspace       used 33000K, capacity 33332K, committed 33664K, reserved 1079296K
  class space    used 4068K, capacity 4167K, committed 4224K, reserved 1048576K
Event: 6.561 GC heap after
Heap after GC invocations=9 (full 1):
 PSYoungGen      total 118784K, used 10230K [0x000000076b180000, 0x0000000773080000, 0x00000007c0000000)
  eden space 108544K, 0% used [0x000000076b180000,0x000000076b180000,0x0000000771b80000)
  from space 10240K, 99% used [0x0000000772680000,0x000000077307d940,0x0000000773080000)
  to   space 10752K, 0% used [0x0000000771b80000,0x0000000771b80000,0x0000000772600000)
 ParOldGen       total 95744K, used 13216K [0x00000006c1400000, 0x00000006c7180000, 0x000000076b180000)
  object space 95744K, 13% used [0x00000006c1400000,0x00000006c20e8378,0x00000006c7180000)
 Metaspace       used 33000K, capacity 33332K, committed 33664K, reserved 1079296K
  class space    used 4068K, capacity 4167K, committed 4224K, reserved 1048576K
}
Event: 7.074 GC heap before
{Heap before GC invocations=10 (full 1):
 PSYoungGen      total 118784K, used 118774K [0x000000076b180000, 0x0000000773080000, 0x00000007c0000000)
  eden space 108544K, 100% used [0x000000076b180000,0x0000000771b80000,0x0000000771b80000)
  from space 10240K, 99% used [0x0000000772680000,0x000000077307d940,0x0000000773080000)
  to   space 10752K, 0% used [0x0000000771b80000,0x0000000771b80000,0x0000000772600000)
 ParOldGen       total 95744K, used 13216K [0x00000006c1400000, 0x00000006c7180000, 0x000000076b180000)
  object space 95744K, 13% used [0x00000006c1400000,0x00000006c20e8378,0x00000006c7180000)
 Metaspace       used 34737K, capacity 35116K, committed 35456K, reserved 1081344K
  class space    used 4283K, capacity 4395K, committed 4480K, reserved 1048576K
Event: 7.090 GC heap after
Heap after GC invocations=10 (full 1):
 PSYoungGen      total 119296K, used 10720K [0x000000076b180000, 0x0000000773080000, 0x00000007c0000000)
  eden space 108544K, 0% used [0x000000076b180000,0x000000076b180000,0x0000000771b80000)
  from space 10752K, 99% used [0x0000000771b80000,0x00000007725f8010,0x0000000772600000)
  to   space 10240K, 0% used [0x0000000772680000,0x0000000772680000,0x0000000773080000)
 ParOldGen       total 95744K, used 17997K [0x00000006c1400000, 0x00000006c7180000, 0x000000076b180000)
  object space 95744K, 18% used [0x00000006c1400000,0x00000006c2593658,0x00000006c7180000)
 Metaspace       used 34737K, capacity 35116K, committed 35456K, reserved 1081344K
  class space    used 4283K, capacity 4395K, committed 4480K, reserved 1048576K
}
Event: 7.114 GC heap before
{Heap before GC invocations=11 (full 1):
 PSYoungGen      total 119296K, used 17942K [0x000000076b180000, 0x0000000773080000, 0x00000007c0000000)
  eden space 108544K, 6% used [0x000000076b180000,0x000000076b88da10,0x0000000771b80000)
  from space 10752K, 99% used [0x0000000771b80000,0x00000007725f8010,0x0000000772600000)
  to   space 10240K, 0% used [0x0000000772680000,0x0000000772680000,0x0000000773080000)
 ParOldGen       total 95744K, used 17997K [0x00000006c1400000, 0x00000006c7180000, 0x000000076b180000)
  object space 95744K, 18% used [0x00000006c1400000,0x00000006c2593658,0x00000006c7180000)
 Metaspace       used 34753K, capacity 35116K, committed 35456K, reserved 1081344K
  class space    used 4284K, capacity 4395K, committed 4480K, reserved 1048576K
Event: 7.124 GC heap after
Heap after GC invocations=11 (full 1):
 PSYoungGen      total 118784K, used 3168K [0x000000076b180000, 0x0000000773080000, 0x00000007c0000000)
  eden space 108544K, 0% used [0x000000076b180000,0x000000076b180000,0x0000000771b80000)
  from space 10240K, 30% used [0x0000000772680000,0x0000000772998000,0x0000000773080000)
  to   space 10752K, 0% used [0x0000000771b80000,0x0000000771b80000,0x0000000772600000)
 ParOldGen       total 95744K, used 25741K [0x00000006c1400000, 0x00000006c7180000, 0x000000076b180000)
  object space 95744K, 26% used [0x00000006c1400000,0x00000006c2d235d0,0x00000006c7180000)
 Metaspace       used 34753K, capacity 35116K, committed 35456K, reserved 1081344K
  class space    used 4284K, capacity 4395K, committed 4480K, reserved 1048576K
}
Event: 7.124 GC heap before
{Heap before GC invocations=12 (full 2):
 PSYoungGen      total 118784K, used 3168K [0x000000076b180000, 0x0000000773080000, 0x00000007c0000000)
  eden space 108544K, 0% used [0x000000076b180000,0x000000076b180000,0x0000000771b80000)
  from space 10240K, 30% used [0x0000000772680000,0x0000000772998000,0x0000000773080000)
  to   space 10752K, 0% used [0x0000000771b80000,0x0000000771b80000,0x0000000772600000)
 ParOldGen       total 95744K, used 25741K [0x00000006c1400000, 0x00000006c7180000, 0x000000076b180000)
  object space 95744K, 26% used [0x00000006c1400000,0x00000006c2d235d0,0x00000006c7180000)
 Metaspace       used 34753K, capacity 35116K, committed 35456K, reserved 1081344K
  class space    used 4284K, capacity 4395K, committed 4480K, reserved 1048576K
Event: 7.227 GC heap after
Heap after GC invocations=12 (full 2):
 PSYoungGen      total 118784K, used 0K [0x000000076b180000, 0x0000000773080000, 0x00000007c0000000)
  eden space 108544K, 0% used [0x000000076b180000,0x000000076b180000,0x0000000771b80000)
  from space 10240K, 0% used [0x0000000772680000,0x0000000772680000,0x0000000773080000)
  to   space 10752K, 0% used [0x0000000771b80000,0x0000000771b80000,0x0000000772600000)
 ParOldGen       total 95744K, used 21227K [0x00000006c1400000, 0x00000006c7180000, 0x000000076b180000)
  object space 95744K, 22% used [0x00000006c1400000,0x00000006c28baea8,0x00000006c7180000)
 Metaspace       used 34753K, capacity 35116K, committed 35456K, reserved 1081344K
  class space    used 4284K, capacity 4395K, committed 4480K, reserved 1048576K
}

