# JRE version: Java(TM) SE Runtime Environment (8.0_172-b11) (build 1.8.0_172-b11)
# Java VM: Java HotSpot(TM) 64-Bit Server VM (25.172-b11 mixed mode windows-amd64 compressed oops)
Heap:
 PSYoungGen      total 76288K, used 8176K [0x000000076b180000, 0x0000000772b00000, 0x00000007c0000000)
  eden space 65536K, 7% used [0x000000076b180000,0x000000076b5fd410,0x000000076f180000)
  from space 10752K, 33% used [0x000000076f180000,0x000000076f4fefa0,0x000000076fc00000)
  to   space 10752K, 0% used [0x000000076fc00000,0x000000076fc00000,0x0000000770680000)
 ParOldGen       total 98304K, used 7350K [0x00000006c1400000, 0x00000006c7400000, 0x000000076b180000)
  object space 98304K, 7% used [0x00000006c1400000,0x00000006c1b2db60,0x00000006c7400000)
 Metaspace       used 23144K, capacity 23486K, committed 23808K, reserved 1071104K
  class space    used 2859K, capacity 2958K, committed 3072K, reserved 1048576K
GC Heap History (10 events):
Event: 2.256 GC heap before
{Heap before GC invocations=2 (full 0):
 PSYoungGen      total 76288K, used 71830K [0x000000076b180000, 0x0000000770680000, 0x00000007c0000000)
  eden space 65536K, 100% used [0x000000076b180000,0x000000076f180000,0x000000076f180000)
  from space 10752K, 58% used [0x000000076f180000,0x000000076f7a5950,0x000000076fc00000)
  to   space 10752K, 0% used [0x000000076fc00000,0x000000076fc00000,0x0000000770680000)
 ParOldGen       total 175104K, used 8K [0x00000006c1400000, 0x00000006cbf00000, 0x000000076b180000)
  object space 175104K, 0% used [0x00000006c1400000,0x00000006c1402130,0x00000006cbf00000)
 Metaspace       used 17560K, capacity 17778K, committed 17920K, reserved 1064960K
  class space    used 2120K, capacity 2191K, committed 2304K, reserved 1048576K
Event: 2.264 GC heap after
Heap after GC invocations=2 (full 0):
 PSYoungGen      total 76288K, used 9914K [0x000000076b180000, 0x0000000770680000, 0x00000007c0000000)
  eden space 65536K, 0% used [0x000000076b180000,0x000000076b180000,0x000000076f180000)
  from space 10752K, 92% used [0x000000076fc00000,0x00000007705aeb78,0x0000000770680000)
  to   space 10752K, 0% used [0x000000076f180000,0x000000076f180000,0x000000076fc00000)
 ParOldGen       total 175104K, used 88K [0x00000006c1400000, 0x00000006cbf00000, 0x000000076b180000)
  object space 175104K, 0% used [0x00000006c1400000,0x00000006c1416140,0x00000006cbf00000)
 Metaspace       used 17560K, capacity 17778K, committed 17920K, reserved 1064960K
  class space    used 2120K, capacity 2191K, committed 2304K, reserved 1048576K
}
Event: 2.428 GC heap before
{Heap before GC invocations=3 (full 0):
 PSYoungGen      total 76288K, used 48632K [0x000000076b180000, 0x0000000770680000, 0x00000007c0000000)
  eden space 65536K, 59% used [0x000000076b180000,0x000000076d74f540,0x000000076f180000)
  from space 10752K, 92% used [0x000000076fc00000,0x00000007705aeb78,0x0000000770680000)
  to   space 10752K, 0% used [0x000000076f180000,0x000000076f180000,0x000000076fc00000)
 ParOldGen       total 175104K, used 88K [0x00000006c1400000, 0x00000006cbf00000, 0x000000076b180000)
  object space 175104K, 0% used [0x00000006c1400000,0x00000006c1416140,0x00000006cbf00000)
 Metaspace       used 20870K, capacity 21134K, committed 21296K, reserved 1069056K
  class space    used 2561K, capacity 2630K, committed 2688K, reserved 1048576K
Event: 2.435 GC heap after
Heap after GC invocations=3 (full 0):
 PSYoungGen      total 76288K, used 7459K [0x000000076b180000, 0x0000000770680000, 0x00000007c0000000)
  eden space 65536K, 0% used [0x000000076b180000,0x000000076b180000,0x000000076f180000)
  from space 10752K, 69% used [0x000000076f180000,0x000000076f8c8c88,0x000000076fc00000)
  to   space 10752K, 0% used [0x000000076fc00000,0x000000076fc00000,0x0000000770680000)
 ParOldGen       total 175104K, used 96K [0x00000006c1400000, 0x00000006cbf00000, 0x000000076b180000)
  object space 175104K, 0% used [0x00000006c1400000,0x00000006c1418140,0x00000006cbf00000)
 Metaspace       used 20870K, capacity 21134K, committed 21296K, reserved 1069056K
  class space    used 2561K, capacity 2630K, committed 2688K, reserved 1048576K
}
Event: 2.435 GC heap before
{Heap before GC invocations=4 (full 1):
 PSYoungGen      total 76288K, used 7459K [0x000000076b180000, 0x0000000770680000, 0x00000007c0000000)
  eden space 65536K, 0% used [0x000000076b180000,0x000000076b180000,0x000000076f180000)
  from space 10752K, 69% used [0x000000076f180000,0x000000076f8c8c88,0x000000076fc00000)
  to   space 10752K, 0% used [0x000000076fc00000,0x000000076fc00000,0x0000000770680000)
 ParOldGen       total 175104K, used 96K [0x00000006c1400000, 0x00000006cbf00000, 0x000000076b180000)
  object space 175104K, 0% used [0x00000006c1400000,0x00000006c1418140,0x00000006cbf00000)
 Metaspace       used 20870K, capacity 21134K, committed 21296K, reserved 1069056K
  class space    used 2561K, capacity 2630K, committed 2688K, reserved 1048576K
Event: 2.461 GC heap after
Heap after GC invocations=4 (full 1):
 PSYoungGen      total 76288K, used 0K [0x000000076b180000, 0x0000000770680000, 0x00000007c0000000)
  eden space 65536K, 0% used [0x000000076b180000,0x000000076b180000,0x000000076f180000)
  from space 10752K, 0% used [0x000000076f180000,0x000000076f180000,0x000000076fc00000)
  to   space 10752K, 0% used [0x000000076fc00000,0x000000076fc00000,0x0000000770680000)
 ParOldGen       total 98304K, used 7319K [0x00000006c1400000, 0x00000006c7400000, 0x000000076b180000)
  object space 98304K, 7% used [0x00000006c1400000,0x00000006c1b25e30,0x00000006c7400000)
 Metaspace       used 20870K, capacity 21134K, committed 21296K, reserved 1069056K
  class space    used 2561K, capacity 2630K, committed 2688K, reserved 1048576K
}
Event: 3.487 GC heap before
{Heap before GC invocations=5 (full 1):
 PSYoungGen      total 76288K, used 65536K [0x000000076b180000, 0x0000000770680000, 0x00000007c0000000)
  eden space 65536K, 100% used [0x000000076b180000,0x000000076f180000,0x000000076f180000)
  from space 10752K, 0% used [0x000000076f180000,0x000000076f180000,0x000000076fc00000)
  to   space 10752K, 0% used [0x000000076fc00000,0x000000076fc00000,0x0000000770680000)
 ParOldGen       total 98304K, used 7334K [0x00000006c1400000, 0x00000006c7400000, 0x000000076b180000)
  object space 98304K, 7% used [0x00000006c1400000,0x00000006c1b29b60,0x00000006c7400000)
 Metaspace       used 22624K, capacity 22938K, committed 23088K, reserved 1069056K
  class space    used 2797K, capacity 2888K, committed 2944K, reserved 1048576K
Event: 3.492 GC heap after
Heap after GC invocations=5 (full 1):
 PSYoungGen      total 76288K, used 3783K [0x000000076b180000, 0x0000000772b00000, 0x00000007c0000000)
  eden space 65536K, 0% used [0x000000076b180000,0x000000076b180000,0x000000076f180000)
  from space 10752K, 35% used [0x000000076fc00000,0x000000076ffb1f88,0x0000000770680000)
  to   space 10752K, 0% used [0x000000076f180000,0x000000076f180000,0x000000076fc00000)
 ParOldGen       total 98304K, used 7342K [0x00000006c1400000, 0x00000006c7400000, 0x000000076b180000)
  object space 98304K, 7% used [0x00000006c1400000,0x00000006c1b2bb60,0x00000006c7400000)
 Metaspace       used 22624K, capacity 22938K, committed 23088K, reserved 1069056K
  class space    used 2797K, capacity 2888K, committed 2944K, reserved 1048576K
}
Event: 3.692 GC heap before
{Heap before GC invocations=6 (full 1):
 PSYoungGen      total 76288K, used 69319K [0x000000076b180000, 0x0000000772b00000, 0x00000007c0000000)
  eden space 65536K, 100% used [0x000000076b180000,0x000000076f180000,0x000000076f180000)
  from space 10752K, 35% used [0x000000076fc00000,0x000000076ffb1f88,0x0000000770680000)
  to   space 10752K, 0% used [0x000000076f180000,0x000000076f180000,0x000000076fc00000)
 ParOldGen       total 98304K, used 7342K [0x00000006c1400000, 0x00000006c7400000, 0x000000076b180000)
  object space 98304K, 7% used [0x00000006c1400000,0x00000006c1b2bb60,0x00000006c7400000)
 Metaspace       used 23106K, capacity 23480K, committed 23808K, reserved 1071104K
  class space    used 2855K, capacity 2957K, committed 3072K, reserved 1048576K
Event: 3.696 GC heap after
Heap after GC invocations=6 (full 1):
 PSYoungGen      total 76288K, used 3579K [0x000000076b180000, 0x0000000772b00000, 0x00000007c0000000)
  eden space 65536K, 0% used [0x000000076b180000,0x000000076b180000,0x000000076f180000)
  from space 10752K, 33% used [0x000000076f180000,0x000000076f4fefa0,0x000000076fc00000)
  to   space 10752K, 0% used [0x000000076fc00000,0x000000076fc00000,0x0000000770680000)
 ParOldGen       total 98304K, used 7350K [0x00000006c1400000, 0x00000006c7400000, 0x000000076b180000)
  object space 98304K, 7% used [0x00000006c1400000,0x00000006c1b2db60,0x00000006c7400000)
 Metaspace       used 23106K, capacity 23480K, committed 23808K, reserved 1071104K
  class space    used 2855K, capacity 2957K, committed 3072K, reserved 1048576K
}

