# JRE version: Java(TM) SE Runtime Environment (8.0_172-b11) (build 1.8.0_172-b11)
# Java VM: Java HotSpot(TM) 64-Bit Server VM (25.172-b11 mixed mode windows-amd64 compressed oops)
Heap:
 PSYoungGen      total 112128K, used 80098K [0x000000076b180000, 0x0000000772a00000, 0x00000007c0000000)
  eden space 101376K, 69% used [0x000000076b180000,0x000000076f606a50,0x0000000771480000)
  from space 10752K, 92% used [0x0000000771480000,0x0000000771e31db0,0x0000000771f00000)
  to   space 11264K, 0% used [0x0000000771f00000,0x0000000771f00000,0x0000000772a00000)
 ParOldGen       total 100352K, used 7372K [0x00000006c1400000, 0x00000006c7600000, 0x000000076b180000)
  object space 100352K, 7% used [0x00000006c1400000,0x00000006c1b330a0,0x00000006c7600000)
 Metaspace       used 32431K, capacity 32820K, committed 33152K, reserved 1079296K
  class space    used 3993K, capacity 4103K, committed 4224K, reserved 1048576K
GC Heap History (10 events):
Event: 2.152 GC heap before
{Heap before GC invocations=4 (full 1):
 PSYoungGen      total 76288K, used 7463K [0x000000076b180000, 0x0000000770680000, 0x00000007c0000000)
  eden space 65536K, 0% used [0x000000076b180000,0x000000076b180000,0x000000076f180000)
  from space 10752K, 69% used [0x000000076f180000,0x000000076f8c9e80,0x000000076fc00000)
  to   space 10752K, 0% used [0x000000076fc00000,0x000000076fc00000,0x0000000770680000)
 ParOldGen       total 175104K, used 96K [0x00000006c1400000, 0x00000006cbf00000, 0x000000076b180000)
  object space 175104K, 0% used [0x00000006c1400000,0x00000006c1418010,0x00000006cbf00000)
 Metaspace       used 20930K, capacity 21166K, committed 21296K, reserved 1069056K
  class space    used 2572K, capacity 2662K, committed 2688K, reserved 1048576K
Event: 2.180 GC heap after
Heap after GC invocations=4 (full 1):
 PSYoungGen      total 76288K, used 0K [0x000000076b180000, 0x0000000770680000, 0x00000007c0000000)
  eden space 65536K, 0% used [0x000000076b180000,0x000000076b180000,0x000000076f180000)
  from space 10752K, 0% used [0x000000076f180000,0x000000076f180000,0x000000076fc00000)
  to   space 10752K, 0% used [0x000000076fc00000,0x000000076fc00000,0x0000000770680000)
 ParOldGen       total 100352K, used 7348K [0x00000006c1400000, 0x00000006c7600000, 0x000000076b180000)
  object space 100352K, 7% used [0x00000006c1400000,0x00000006c1b2d0a0,0x00000006c7600000)
 Metaspace       used 20930K, capacity 21166K, committed 21296K, reserved 1069056K
  class space    used 2572K, capacity 2662K, committed 2688K, reserved 1048576K
}
Event: 3.159 GC heap before
{Heap before GC invocations=5 (full 1):
 PSYoungGen      total 76288K, used 65536K [0x000000076b180000, 0x0000000770680000, 0x00000007c0000000)
  eden space 65536K, 100% used [0x000000076b180000,0x000000076f180000,0x000000076f180000)
  from space 10752K, 0% used [0x000000076f180000,0x000000076f180000,0x000000076fc00000)
  to   space 10752K, 0% used [0x000000076fc00000,0x000000076fc00000,0x0000000770680000)
 ParOldGen       total 100352K, used 7348K [0x00000006c1400000, 0x00000006c7600000, 0x000000076b180000)
  object space 100352K, 7% used [0x00000006c1400000,0x00000006c1b2d0a0,0x00000006c7600000)
 Metaspace       used 22607K, capacity 22880K, committed 23088K, reserved 1069056K
  class space    used 2792K, capacity 2889K, committed 2944K, reserved 1048576K
Event: 3.163 GC heap after
Heap after GC invocations=5 (full 1):
 PSYoungGen      total 76288K, used 3681K [0x000000076b180000, 0x0000000772900000, 0x00000007c0000000)
  eden space 65536K, 0% used [0x000000076b180000,0x000000076b180000,0x000000076f180000)
  from space 10752K, 34% used [0x000000076fc00000,0x000000076ff98658,0x0000000770680000)
  to   space 10752K, 0% used [0x000000076f180000,0x000000076f180000,0x000000076fc00000)
 ParOldGen       total 100352K, used 7356K [0x00000006c1400000, 0x00000006c7600000, 0x000000076b180000)
  object space 100352K, 7% used [0x00000006c1400000,0x00000006c1b2f0a0,0x00000006c7600000)
 Metaspace       used 22607K, capacity 22880K, committed 23088K, reserved 1069056K
  class space    used 2792K, capacity 2889K, committed 2944K, reserved 1048576K
}
Event: 3.349 GC heap before
{Heap before GC invocations=6 (full 1):
 PSYoungGen      total 76288K, used 69217K [0x000000076b180000, 0x0000000772900000, 0x00000007c0000000)
  eden space 65536K, 100% used [0x000000076b180000,0x000000076f180000,0x000000076f180000)
  from space 10752K, 34% used [0x000000076fc00000,0x000000076ff98658,0x0000000770680000)
  to   space 10752K, 0% used [0x000000076f180000,0x000000076f180000,0x000000076fc00000)
 ParOldGen       total 100352K, used 7356K [0x00000006c1400000, 0x00000006c7600000, 0x000000076b180000)
  object space 100352K, 7% used [0x00000006c1400000,0x00000006c1b2f0a0,0x00000006c7600000)
 Metaspace       used 23088K, capacity 23390K, committed 23680K, reserved 1071104K
  class space    used 2850K, capacity 2926K, committed 2944K, reserved 1048576K
Event: 3.352 GC heap after
Heap after GC invocations=6 (full 1):
 PSYoungGen      total 76288K, used 3515K [0x000000076b180000, 0x0000000772a00000, 0x00000007c0000000)
  eden space 65536K, 0% used [0x000000076b180000,0x000000076b180000,0x000000076f180000)
  from space 10752K, 32% used [0x000000076f180000,0x000000076f4eefa0,0x000000076fc00000)
  to   space 11264K, 0% used [0x0000000771f00000,0x0000000771f00000,0x0000000772a00000)
 ParOldGen       total 100352K, used 7364K [0x00000006c1400000, 0x00000006c7600000, 0x000000076b180000)
  object space 100352K, 7% used [0x00000006c1400000,0x00000006c1b310a0,0x00000006c7600000)
 Metaspace       used 23088K, capacity 23390K, committed 23680K, reserved 1071104K
  class space    used 2850K, capacity 2926K, committed 2944K, reserved 1048576K
}
Event: 3.645 GC heap before
{Heap before GC invocations=7 (full 1):
 PSYoungGen      total 76288K, used 69051K [0x000000076b180000, 0x0000000772a00000, 0x00000007c0000000)
  eden space 65536K, 100% used [0x000000076b180000,0x000000076f180000,0x000000076f180000)
  from space 10752K, 32% used [0x000000076f180000,0x000000076f4eefa0,0x000000076fc00000)
  to   space 11264K, 0% used [0x0000000771f00000,0x0000000771f00000,0x0000000772a00000)
 ParOldGen       total 100352K, used 7364K [0x00000006c1400000, 0x00000006c7600000, 0x000000076b180000)
  object space 100352K, 7% used [0x00000006c1400000,0x00000006c1b310a0,0x00000006c7600000)
 Metaspace       used 24687K, capacity 25026K, committed 25216K, reserved 1071104K
  class space    used 3087K, capacity 3188K, committed 3200K, reserved 1048576K
Event: 3.651 GC heap after
Heap after GC invocations=7 (full 1):
 PSYoungGen      total 112640K, used 5860K [0x000000076b180000, 0x0000000772a00000, 0x00000007c0000000)
  eden space 101376K, 0% used [0x000000076b180000,0x000000076b180000,0x0000000771480000)
  from space 11264K, 52% used [0x0000000771f00000,0x00000007724b9120,0x0000000772a00000)
  to   space 10752K, 0% used [0x0000000771480000,0x0000000771480000,0x0000000771f00000)
 ParOldGen       total 100352K, used 7364K [0x00000006c1400000, 0x00000006c7600000, 0x000000076b180000)
  object space 100352K, 7% used [0x00000006c1400000,0x00000006c1b310a0,0x00000006c7600000)
 Metaspace       used 24687K, capacity 25026K, committed 25216K, reserved 1071104K
  class space    used 3087K, capacity 3188K, committed 3200K, reserved 1048576K
}
Event: 4.285 GC heap before
{Heap before GC invocations=8 (full 1):
 PSYoungGen      total 112640K, used 107236K [0x000000076b180000, 0x0000000772a00000, 0x00000007c0000000)
  eden space 101376K, 100% used [0x000000076b180000,0x0000000771480000,0x0000000771480000)
  from space 11264K, 52% used [0x0000000771f00000,0x00000007724b9120,0x0000000772a00000)
  to   space 10752K, 0% used [0x0000000771480000,0x0000000771480000,0x0000000771f00000)
 ParOldGen       total 100352K, used 7364K [0x00000006c1400000, 0x00000006c7600000, 0x000000076b180000)
  object space 100352K, 7% used [0x00000006c1400000,0x00000006c1b310a0,0x00000006c7600000)
 Metaspace       used 29338K, capacity 29730K, committed 30208K, reserved 1075200K
  class space    used 3612K, capacity 3716K, committed 3840K, reserved 1048576K
Event: 4.293 GC heap after
Heap after GC invocations=8 (full 1):
 PSYoungGen      total 112128K, used 9927K [0x000000076b180000, 0x0000000772a00000, 0x00000007c0000000)
  eden space 101376K, 0% used [0x000000076b180000,0x000000076b180000,0x0000000771480000)
  from space 10752K, 92% used [0x0000000771480000,0x0000000771e31db0,0x0000000771f00000)
  to   space 11264K, 0% used [0x0000000771f00000,0x0000000771f00000,0x0000000772a00000)
 ParOldGen       total 100352K, used 7372K [0x00000006c1400000, 0x00000006c7600000, 0x000000076b180000)
  object space 100352K, 7% used [0x00000006c1400000,0x00000006c1b330a0,0x00000006c7600000)
 Metaspace       used 29338K, capacity 29730K, committed 30208K, reserved 1075200K
  class space    used 3612K, capacity 3716K, committed 3840K, reserved 1048576K
}

